INFO: recording(../../recordings/Recording-7-real-5cm.wav): distance: 0.04666666666666666 meter
INFO: recording(../../recordings/Recording-7-real-1m.wav): distance: 1.0733333333333333 meter
INFO: loaded ../../recordings/record_x64_y40.wav
INFO: loaded ../../recordings/record_x109_y76.wav
INFO: loaded ../../recordings/record_x143_y296.wav
INFO: loaded ../../recordings/record_x150_y185.wav
INFO: loaded ../../recordings/record_x178_y439.wav
INFO: loaded ../../recordings/record_x232_y275.wav
INFO: loaded ../../recordings/record_x4_y_hidden_1.wav
INFO: loaded ../../recordings/record_x82_y399.wav
INFO: loaded ../../recordings/record_x_y_hidden_2.wav
INFO: loaded ../../recordings/record_x_y_hidden_3.wav
INFO: loaded ../../recordings/reference.wav
INFO: recording(../../recordings/record_x64_y40.wav): reference(0): channel(0): distance: 6823.133333333333 m
INFO: recording(../../recordings/record_x64_y40.wav): reference(0): channel(1): distance: 6819.423333333333 m
INFO: recording(../../recordings/record_x64_y40.wav): reference(0): channel(2): distance: 6817.766666666667 m
INFO: recording(../../recordings/record_x64_y40.wav): reference(0): channel(3): distance: 6819.749999999999 m
INFO: recording(../../recordings/record_x64_y40.wav): reference(0): channel(4): distance: 6821.733333333333 m
INFO: recording(../../recordings/record_x64_y40.wav): reference(1): channel(0): distance: 6645.706666666667 m
INFO: recording(../../recordings/record_x64_y40.wav): reference(1): channel(1): distance: 6809.895555555556 m
INFO: recording(../../recordings/record_x64_y40.wav): reference(1): channel(2): distance: 6853.458888888889 m
INFO: recording(../../recordings/record_x64_y40.wav): reference(1): channel(3): distance: 6641.638888888889 m
INFO: recording(../../recordings/record_x64_y40.wav): reference(1): channel(4): distance: 3675.4900000000002 m
INFO: recording(../../recordings/record_x64_y40.wav): reference(2): channel(0): distance: 255.2433333333333 m
INFO: recording(../../recordings/record_x64_y40.wav): reference(2): channel(1): distance: 176.75 m
INFO: recording(../../recordings/record_x64_y40.wav): reference(2): channel(2): distance: 167.00444444444443 m
INFO: recording(../../recordings/record_x64_y40.wav): reference(2): channel(3): distance: 191.17000000000002 m
INFO: recording(../../recordings/record_x64_y40.wav): reference(2): channel(4): distance: 5902.213333333333 m
INFO: recording(../../recordings/record_x64_y40.wav): reference(3): channel(0): distance: 139.23 m
INFO: recording(../../recordings/record_x64_y40.wav): reference(3): channel(1): distance: 6824.012222222223 m
INFO: recording(../../recordings/record_x64_y40.wav): reference(3): channel(2): distance: 133.86333333333334 m
INFO: recording(../../recordings/record_x64_y40.wav): reference(3): channel(3): distance: 135.84666666666666 m
INFO: recording(../../recordings/record_x64_y40.wav): reference(3): channel(4): distance: 137.82999999999998 m
INFO: recording(../../recordings/record_x64_y40.wav): reference(4): channel(0): distance: 238.59888888888887 m
INFO: recording(../../recordings/record_x64_y40.wav): reference(4): channel(1): distance: 176.76555555555555 m
INFO: recording(../../recordings/record_x64_y40.wav): reference(4): channel(2): distance: 6648.522222222223 m
INFO: recording(../../recordings/record_x64_y40.wav): reference(4): channel(3): distance: 192.31333333333333 m
INFO: recording(../../recordings/record_x64_y40.wav): reference(4): channel(4): distance: 6652.488888888889 m
INFO: recording(../../recordings/record_x109_y76.wav): reference(0): channel(0): distance: 6821.577777777778 m
INFO: recording(../../recordings/record_x109_y76.wav): reference(0): channel(1): distance: 6818.676666666667 m
INFO: recording(../../recordings/record_x109_y76.wav): reference(0): channel(2): distance: 6817.323333333334 m
INFO: recording(../../recordings/record_x109_y76.wav): reference(0): channel(3): distance: 6819.143333333333 m
INFO: recording(../../recordings/record_x109_y76.wav): reference(0): channel(4): distance: 6820.862222222222 m
INFO: recording(../../recordings/record_x109_y76.wav): reference(1): channel(0): distance: 6812.236666666667 m
INFO: recording(../../recordings/record_x109_y76.wav): reference(1): channel(1): distance: 6807.43 m
INFO: recording(../../recordings/record_x109_y76.wav): reference(1): channel(2): distance: 0.6611111111111111 m
INFO: recording(../../recordings/record_x109_y76.wav): reference(1): channel(3): distance: 6823.771111111111 m
INFO: recording(../../recordings/record_x109_y76.wav): reference(1): channel(4): distance: 1283.0455555555557 m
INFO: recording(../../recordings/record_x109_y76.wav): reference(2): channel(0): distance: 2147.6544444444444 m
INFO: recording(../../recordings/record_x109_y76.wav): reference(2): channel(1): distance: 2215.7955555555554 m
INFO: recording(../../recordings/record_x109_y76.wav): reference(2): channel(2): distance: 306.9888888888889 m
INFO: recording(../../recordings/record_x109_y76.wav): reference(2): channel(3): distance: 6339.1611111111115 m
INFO: recording(../../recordings/record_x109_y76.wav): reference(2): channel(4): distance: 310.52777777777777 m
INFO: recording(../../recordings/record_x109_y76.wav): reference(3): channel(0): distance: 137.67444444444445 m
INFO: recording(../../recordings/record_x109_y76.wav): reference(3): channel(1): distance: 6823.2733333333335 m
INFO: recording(../../recordings/record_x109_y76.wav): reference(3): channel(2): distance: 6650.419999999999 m
INFO: recording(../../recordings/record_x109_y76.wav): reference(3): channel(3): distance: 135.23222222222222 m
INFO: recording(../../recordings/record_x109_y76.wav): reference(3): channel(4): distance: 6825.458888888889 m
INFO: recording(../../recordings/record_x109_y76.wav): reference(4): channel(0): distance: 2147.5844444444447 m
INFO: recording(../../recordings/record_x109_y76.wav): reference(4): channel(1): distance: 2215.2044444444446 m
INFO: recording(../../recordings/record_x109_y76.wav): reference(4): channel(2): distance: 302.59444444444443 m
INFO: recording(../../recordings/record_x109_y76.wav): reference(4): channel(3): distance: 6338.562222222223 m
INFO: recording(../../recordings/record_x109_y76.wav): reference(4): channel(4): distance: 306.1333333333333 m
INFO: recording(../../recordings/record_x143_y296.wav): reference(0): channel(0): distance: 6820.481111111111 m
INFO: recording(../../recordings/record_x143_y296.wav): reference(0): channel(1): distance: 6821.360000000001 m
INFO: recording(../../recordings/record_x143_y296.wav): reference(0): channel(2): distance: 6819.804444444444 m
INFO: recording(../../recordings/record_x143_y296.wav): reference(0): channel(3): distance: 6819.306666666667 m
INFO: recording(../../recordings/record_x143_y296.wav): reference(0): channel(4): distance: 6822.153333333334 m
INFO: recording(../../recordings/record_x143_y296.wav): reference(1): channel(0): distance: 121.62111111111112 m
INFO: recording(../../recordings/record_x143_y296.wav): reference(1): channel(1): distance: 123.53444444444445 m
INFO: recording(../../recordings/record_x143_y296.wav): reference(1): channel(2): distance: 0.0 m
INFO: recording(../../recordings/record_x143_y296.wav): reference(1): channel(3): distance: 120.96000000000001 m
INFO: recording(../../recordings/record_x143_y296.wav): reference(1): channel(4): distance: 0.05444444444444444 m
INFO: recording(../../recordings/record_x143_y296.wav): reference(2): channel(0): distance: 70.03888888888889 m
INFO: recording(../../recordings/record_x143_y296.wav): reference(2): channel(1): distance: 42.73888888888889 m
INFO: recording(../../recordings/record_x143_y296.wav): reference(2): channel(2): distance: 11.122222222222224 m
INFO: recording(../../recordings/record_x143_y296.wav): reference(2): channel(3): distance: 28.35 m
INFO: recording(../../recordings/record_x143_y296.wav): reference(2): channel(4): distance: 0.5988888888888889 m
INFO: recording(../../recordings/record_x143_y296.wav): reference(3): channel(0): distance: 6825.1322222222225 m
INFO: recording(../../recordings/record_x143_y296.wav): reference(3): channel(1): distance: 6825.948888888888 m
INFO: recording(../../recordings/record_x143_y296.wav): reference(3): channel(2): distance: 6824.447777777778 m
INFO: recording(../../recordings/record_x143_y296.wav): reference(3): channel(3): distance: 6823.895555555555 m
INFO: recording(../../recordings/record_x143_y296.wav): reference(3): channel(4): distance: 6826.742222222223 m
INFO: recording(../../recordings/record_x143_y296.wav): reference(4): channel(0): distance: 70.03888888888889 m
INFO: recording(../../recordings/record_x143_y296.wav): reference(4): channel(1): distance: 42.88666666666666 m
INFO: recording(../../recordings/record_x143_y296.wav): reference(4): channel(2): distance: 11.098888888888888 m
INFO: recording(../../recordings/record_x143_y296.wav): reference(4): channel(3): distance: 28.31888888888889 m
INFO: recording(../../recordings/record_x143_y296.wav): reference(4): channel(4): distance: 0.5833333333333333 m
INFO: recording(../../recordings/record_x150_y185.wav): reference(0): channel(0): distance: 5766.7477777777785 m
INFO: recording(../../recordings/record_x150_y185.wav): reference(0): channel(1): distance: 6794.814444444444 m
INFO: recording(../../recordings/record_x150_y185.wav): reference(0): channel(2): distance: 6107.64 m
INFO: recording(../../recordings/record_x150_y185.wav): reference(0): channel(3): distance: 5765.3788888888885 m
INFO: recording(../../recordings/record_x150_y185.wav): reference(0): channel(4): distance: 5767.471111111111 m
INFO: recording(../../recordings/record_x150_y185.wav): reference(1): channel(0): distance: 6835.406666666667 m
INFO: recording(../../recordings/record_x150_y185.wav): reference(1): channel(1): distance: 6835.406666666667 m
INFO: recording(../../recordings/record_x150_y185.wav): reference(1): channel(2): distance: 6835.398888888889 m
INFO: recording(../../recordings/record_x150_y185.wav): reference(1): channel(3): distance: 6835.997777777778 m
INFO: recording(../../recordings/record_x150_y185.wav): reference(1): channel(4): distance: 6835.398888888889 m
INFO: recording(../../recordings/record_x150_y185.wav): reference(2): channel(0): distance: 6835.406666666667 m
INFO: recording(../../recordings/record_x150_y185.wav): reference(2): channel(1): distance: 6835.406666666667 m
INFO: recording(../../recordings/record_x150_y185.wav): reference(2): channel(2): distance: 6835.445555555556 m
INFO: recording(../../recordings/record_x150_y185.wav): reference(2): channel(3): distance: 6835.1033333333335 m
INFO: recording(../../recordings/record_x150_y185.wav): reference(2): channel(4): distance: 6835.406666666667 m
INFO: recording(../../recordings/record_x150_y185.wav): reference(3): channel(0): distance: 5771.344444444444 m
INFO: recording(../../recordings/record_x150_y185.wav): reference(3): channel(1): distance: 6799.4111111111115 m
INFO: recording(../../recordings/record_x150_y185.wav): reference(3): channel(2): distance: 5940.736666666668 m
INFO: recording(../../recordings/record_x150_y185.wav): reference(3): channel(3): distance: 6835.406666666667 m
INFO: recording(../../recordings/record_x150_y185.wav): reference(3): channel(4): distance: 6115.075555555556 m
INFO: recording(../../recordings/record_x150_y185.wav): reference(4): channel(0): distance: 6835.406666666667 m
INFO: recording(../../recordings/record_x150_y185.wav): reference(4): channel(1): distance: 6835.406666666667 m
INFO: recording(../../recordings/record_x150_y185.wav): reference(4): channel(2): distance: 6835.4222222222215 m
INFO: recording(../../recordings/record_x150_y185.wav): reference(4): channel(3): distance: 6835.095555555556 m
INFO: recording(../../recordings/record_x150_y185.wav): reference(4): channel(4): distance: 6835.414444444445 m
INFO: recording(../../recordings/record_x178_y439.wav): reference(0): channel(0): distance: 6816.2811111111105 m
INFO: recording(../../recordings/record_x178_y439.wav): reference(0): channel(1): distance: 6819.158888888888 m
INFO: recording(../../recordings/record_x178_y439.wav): reference(0): channel(2): distance: 6817.914444444445 m
INFO: recording(../../recordings/record_x178_y439.wav): reference(0): channel(3): distance: 6815.7444444444445 m
INFO: recording(../../recordings/record_x178_y439.wav): reference(0): channel(4): distance: 6818.318888888889 m
INFO: recording(../../recordings/record_x178_y439.wav): reference(1): channel(0): distance: 1314.7322222222222 m
INFO: recording(../../recordings/record_x178_y439.wav): reference(1): channel(1): distance: 6638.621111111111 m
INFO: recording(../../recordings/record_x178_y439.wav): reference(1): channel(2): distance: 6854.329999999999 m
INFO: recording(../../recordings/record_x178_y439.wav): reference(1): channel(3): distance: 0.015555555555555555 m
INFO: recording(../../recordings/record_x178_y439.wav): reference(1): channel(4): distance: 5442.9511111111115 m
INFO: recording(../../recordings/record_x178_y439.wav): reference(2): channel(0): distance: 1251.1333333333332 m
INFO: recording(../../recordings/record_x178_y439.wav): reference(2): channel(1): distance: 3186.9444444444443 m
INFO: recording(../../recordings/record_x178_y439.wav): reference(2): channel(2): distance: 6054.354444444445 m
INFO: recording(../../recordings/record_x178_y439.wav): reference(2): channel(3): distance: 6841.154444444444 m
INFO: recording(../../recordings/record_x178_y439.wav): reference(2): channel(4): distance: 1224.1444444444444 m
INFO: recording(../../recordings/record_x178_y439.wav): reference(3): channel(0): distance: 6820.831111111111 m
INFO: recording(../../recordings/record_x178_y439.wav): reference(3): channel(1): distance: 6823.763333333333 m
INFO: recording(../../recordings/record_x178_y439.wav): reference(3): channel(2): distance: 6822.518888888889 m
INFO: recording(../../recordings/record_x178_y439.wav): reference(3): channel(3): distance: 6820.294444444445 m
INFO: recording(../../recordings/record_x178_y439.wav): reference(3): channel(4): distance: 6822.915555555555 m
INFO: recording(../../recordings/record_x178_y439.wav): reference(4): channel(0): distance: 1251.1333333333332 m
INFO: recording(../../recordings/record_x178_y439.wav): reference(4): channel(1): distance: 3186.967777777778 m
INFO: recording(../../recordings/record_x178_y439.wav): reference(4): channel(2): distance: 6054.377777777778 m
INFO: recording(../../recordings/record_x178_y439.wav): reference(4): channel(3): distance: 6840.913333333333 m
INFO: recording(../../recordings/record_x178_y439.wav): reference(4): channel(4): distance: 1224.1833333333334 m
INFO: recording(../../recordings/record_x232_y275.wav): reference(0): channel(0): distance: 6818.233333333334 m
INFO: recording(../../recordings/record_x232_y275.wav): reference(0): channel(1): distance: 6818.731111111111 m
INFO: recording(../../recordings/record_x232_y275.wav): reference(0): channel(2): distance: 6818.567777777777 m
INFO: recording(../../recordings/record_x232_y275.wav): reference(0): channel(3): distance: 6818.171111111112 m
INFO: recording(../../recordings/record_x232_y275.wav): reference(0): channel(4): distance: 6819.454444444445 m
INFO: recording(../../recordings/record_x232_y275.wav): reference(1): channel(0): distance: 119.00777777777778 m
INFO: recording(../../recordings/record_x232_y275.wav): reference(1): channel(1): distance: 121.21666666666665 m
INFO: recording(../../recordings/record_x232_y275.wav): reference(1): channel(2): distance: 6855.325555555555 m
INFO: recording(../../recordings/record_x232_y275.wav): reference(1): channel(3): distance: 0.03888888888888889 m
INFO: recording(../../recordings/record_x232_y275.wav): reference(1): channel(4): distance: 6859.9688888888895 m
INFO: recording(../../recordings/record_x232_y275.wav): reference(2): channel(0): distance: 10.733333333333334 m
INFO: recording(../../recordings/record_x232_y275.wav): reference(2): channel(1): distance: 21.06222222222222 m
INFO: recording(../../recordings/record_x232_y275.wav): reference(2): channel(2): distance: 6855.901111111111 m
INFO: recording(../../recordings/record_x232_y275.wav): reference(2): channel(3): distance: 5.81 m
INFO: recording(../../recordings/record_x232_y275.wav): reference(2): channel(4): distance: 0.49777777777777776 m
INFO: recording(../../recordings/record_x232_y275.wav): reference(3): channel(0): distance: 6822.822222222222 m
INFO: recording(../../recordings/record_x232_y275.wav): reference(3): channel(1): distance: 6823.327777777778 m
INFO: recording(../../recordings/record_x232_y275.wav): reference(3): channel(2): distance: 6823.078888888888 m
INFO: recording(../../recordings/record_x232_y275.wav): reference(3): channel(3): distance: 6822.767777777778 m
INFO: recording(../../recordings/record_x232_y275.wav): reference(3): channel(4): distance: 6824.051111111112 m
INFO: recording(../../recordings/record_x232_y275.wav): reference(4): channel(0): distance: 10.733333333333334 m
INFO: recording(../../recordings/record_x232_y275.wav): reference(4): channel(1): distance: 41.39333333333333 m
INFO: recording(../../recordings/record_x232_y275.wav): reference(4): channel(2): distance: 6855.978888888889 m
INFO: recording(../../recordings/record_x232_y275.wav): reference(4): channel(3): distance: 12.374444444444444 m
INFO: recording(../../recordings/record_x232_y275.wav): reference(4): channel(4): distance: 6821.717777777778 m
INFO: recording(../../recordings/record_x4_y_hidden_1.wav): reference(0): channel(0): distance: 6819.081111111111 m
INFO: recording(../../recordings/record_x4_y_hidden_1.wav): reference(0): channel(1): distance: 6817.3855555555565 m
INFO: recording(../../recordings/record_x4_y_hidden_1.wav): reference(0): channel(2): distance: 6819.065555555556 m
INFO: recording(../../recordings/record_x4_y_hidden_1.wav): reference(0): channel(3): distance: 6822.472222222223 m
INFO: recording(../../recordings/record_x4_y_hidden_1.wav): reference(0): channel(4): distance: 6818.762222222223 m
INFO: recording(../../recordings/record_x4_y_hidden_1.wav): reference(1): channel(0): distance: 124.48333333333333 m
INFO: recording(../../recordings/record_x4_y_hidden_1.wav): reference(1): channel(1): distance: 117.70111111111112 m
INFO: recording(../../recordings/record_x4_y_hidden_1.wav): reference(1): channel(2): distance: 6852.307777777778 m
INFO: recording(../../recordings/record_x4_y_hidden_1.wav): reference(1): channel(3): distance: 127.26777777777778 m
INFO: recording(../../recordings/record_x4_y_hidden_1.wav): reference(1): channel(4): distance: 137.35555555555555 m
INFO: recording(../../recordings/record_x4_y_hidden_1.wav): reference(2): channel(0): distance: 120.03444444444445 m
INFO: recording(../../recordings/record_x4_y_hidden_1.wav): reference(2): channel(1): distance: 119.14 m
INFO: recording(../../recordings/record_x4_y_hidden_1.wav): reference(2): channel(2): distance: 6852.844444444444 m
INFO: recording(../../recordings/record_x4_y_hidden_1.wav): reference(2): channel(3): distance: 3834.304444444445 m
INFO: recording(../../recordings/record_x4_y_hidden_1.wav): reference(2): channel(4): distance: 52.03333333333333 m
INFO: recording(../../recordings/record_x4_y_hidden_1.wav): reference(3): channel(0): distance: 6823.677777777778 m
INFO: recording(../../recordings/record_x4_y_hidden_1.wav): reference(3): channel(1): distance: 6821.982222222222 m
INFO: recording(../../recordings/record_x4_y_hidden_1.wav): reference(3): channel(2): distance: 6823.662222222223 m
INFO: recording(../../recordings/record_x4_y_hidden_1.wav): reference(3): channel(3): distance: 42.404444444444444 m
INFO: recording(../../recordings/record_x4_y_hidden_1.wav): reference(3): channel(4): distance: 6651.851111111111 m
INFO: recording(../../recordings/record_x4_y_hidden_1.wav): reference(4): channel(0): distance: 120.03444444444445 m
INFO: recording(../../recordings/record_x4_y_hidden_1.wav): reference(4): channel(1): distance: 118.28444444444445 m
INFO: recording(../../recordings/record_x4_y_hidden_1.wav): reference(4): channel(2): distance: 6852.774444444444 m
INFO: recording(../../recordings/record_x4_y_hidden_1.wav): reference(4): channel(3): distance: 3834.3277777777776 m
INFO: recording(../../recordings/record_x4_y_hidden_1.wav): reference(4): channel(4): distance: 51.955555555555556 m
INFO: recording(../../recordings/record_x82_y399.wav): reference(0): channel(0): distance: 6819.446666666667 m
INFO: recording(../../recordings/record_x82_y399.wav): reference(0): channel(1): distance: 6822.285555555555 m
INFO: recording(../../recordings/record_x82_y399.wav): reference(0): channel(2): distance: 6819.368888888889 m
INFO: recording(../../recordings/record_x82_y399.wav): reference(0): channel(3): distance: 6817.922222222222 m
INFO: recording(../../recordings/record_x82_y399.wav): reference(0): channel(4): distance: 6821.663333333333 m
INFO: recording(../../recordings/record_x82_y399.wav): reference(1): channel(0): distance: 3624.1566666666668 m
INFO: recording(../../recordings/record_x82_y399.wav): reference(1): channel(1): distance: 6812.9366666666665 m
INFO: recording(../../recordings/record_x82_y399.wav): reference(1): channel(2): distance: 0.6688888888888889 m
INFO: recording(../../recordings/record_x82_y399.wav): reference(1): channel(3): distance: 6810.937777777778 m
INFO: recording(../../recordings/record_x82_y399.wav): reference(1): channel(4): distance: 0.6533333333333333 m
INFO: recording(../../recordings/record_x82_y399.wav): reference(2): channel(0): distance: 6826.112222222222 m
INFO: recording(../../recordings/record_x82_y399.wav): reference(2): channel(1): distance: 211.02666666666667 m
INFO: recording(../../recordings/record_x82_y399.wav): reference(2): channel(2): distance: 846.0122222222222 m
INFO: recording(../../recordings/record_x82_y399.wav): reference(2): channel(3): distance: 193.64333333333335 m
INFO: recording(../../recordings/record_x82_y399.wav): reference(2): channel(4): distance: 4448.5777777777785 m
INFO: recording(../../recordings/record_x82_y399.wav): reference(3): channel(0): distance: 6824.043333333334 m
INFO: recording(../../recordings/record_x82_y399.wav): reference(3): channel(1): distance: 138.37444444444444 m
INFO: recording(../../recordings/record_x82_y399.wav): reference(3): channel(2): distance: 0.02333333333333333 m
INFO: recording(../../recordings/record_x82_y399.wav): reference(3): channel(3): distance: 134.02666666666667 m
INFO: recording(../../recordings/record_x82_y399.wav): reference(3): channel(4): distance: 137.76 m
INFO: recording(../../recordings/record_x82_y399.wav): reference(4): channel(0): distance: 6821.717777777778 m
INFO: recording(../../recordings/record_x82_y399.wav): reference(4): channel(1): distance: 211.00333333333333 m
INFO: recording(../../recordings/record_x82_y399.wav): reference(4): channel(2): distance: 845.9422222222222 m
INFO: recording(../../recordings/record_x82_y399.wav): reference(4): channel(3): distance: 6820.185555555555 m
INFO: recording(../../recordings/record_x82_y399.wav): reference(4): channel(4): distance: 4448.554444444445 m
INFO: recording(../../recordings/record_x_y_hidden_2.wav): reference(0): channel(0): distance: 6819.625555555556 m
INFO: recording(../../recordings/record_x_y_hidden_2.wav): reference(0): channel(1): distance: 6819.306666666667 m
INFO: recording(../../recordings/record_x_y_hidden_2.wav): reference(0): channel(2): distance: 6820.076666666667 m
INFO: recording(../../recordings/record_x_y_hidden_2.wav): reference(0): channel(3): distance: 6820.566666666667 m
INFO: recording(../../recordings/record_x_y_hidden_2.wav): reference(0): channel(4): distance: 6820.286666666667 m
INFO: recording(../../recordings/record_x_y_hidden_2.wav): reference(1): channel(0): distance: 6812.065555555555 m
INFO: recording(../../recordings/record_x_y_hidden_2.wav): reference(1): channel(1): distance: 6809.4911111111105 m
INFO: recording(../../recordings/record_x_y_hidden_2.wav): reference(1): channel(2): distance: 5.7555555555555555 m
INFO: recording(../../recordings/record_x_y_hidden_2.wav): reference(1): channel(3): distance: 6264.051111111111 m
INFO: recording(../../recordings/record_x_y_hidden_2.wav): reference(1): channel(4): distance: 0.6455555555555555 m
INFO: recording(../../recordings/record_x_y_hidden_2.wav): reference(2): channel(0): distance: 254.60555555555558 m
INFO: recording(../../recordings/record_x_y_hidden_2.wav): reference(2): channel(1): distance: 227.61666666666667 m
INFO: recording(../../recordings/record_x_y_hidden_2.wav): reference(2): channel(2): distance: 6.2377777777777785 m
INFO: recording(../../recordings/record_x_y_hidden_2.wav): reference(2): channel(3): distance: 292.2422222222222 m
INFO: recording(../../recordings/record_x_y_hidden_2.wav): reference(2): channel(4): distance: 6826.952222222222 m
INFO: recording(../../recordings/record_x_y_hidden_2.wav): reference(3): channel(0): distance: 209.56444444444443 m
INFO: recording(../../recordings/record_x_y_hidden_2.wav): reference(3): channel(1): distance: 135.28666666666666 m
INFO: recording(../../recordings/record_x_y_hidden_2.wav): reference(3): channel(2): distance: 6824.541111111111 m
INFO: recording(../../recordings/record_x_y_hidden_2.wav): reference(3): channel(3): distance: 215.76333333333335 m
INFO: recording(../../recordings/record_x_y_hidden_2.wav): reference(3): channel(4): distance: 6824.751111111112 m
INFO: recording(../../recordings/record_x_y_hidden_2.wav): reference(4): channel(0): distance: 254.9088888888889 m
INFO: recording(../../recordings/record_x_y_hidden_2.wav): reference(4): channel(1): distance: 227.60888888888888 m
INFO: recording(../../recordings/record_x_y_hidden_2.wav): reference(4): channel(2): distance: 6822.34 m
INFO: recording(../../recordings/record_x_y_hidden_2.wav): reference(4): channel(3): distance: 292.2422222222222 m
INFO: recording(../../recordings/record_x_y_hidden_2.wav): reference(4): channel(4): distance: 6822.55 m
INFO: recording(../../recordings/record_x_y_hidden_3.wav): reference(0): channel(0): distance: 6820.1 m
INFO: recording(../../recordings/record_x_y_hidden_3.wav): reference(0): channel(1): distance: 6820.971111111112 m
INFO: recording(../../recordings/record_x_y_hidden_3.wav): reference(0): channel(2): distance: 6820.846666666667 m
INFO: recording(../../recordings/record_x_y_hidden_3.wav): reference(0): channel(3): distance: 6820.084444444445 m
INFO: recording(../../recordings/record_x_y_hidden_3.wav): reference(0): channel(4): distance: 6821.468888888889 m
INFO: recording(../../recordings/record_x_y_hidden_3.wav): reference(1): channel(0): distance: 2525.5299999999997 m
INFO: recording(../../recordings/record_x_y_hidden_3.wav): reference(1): channel(1): distance: 2695.241111111111 m
INFO: recording(../../recordings/record_x_y_hidden_3.wav): reference(1): channel(2): distance: 6855.138888888889 m
INFO: recording(../../recordings/record_x_y_hidden_3.wav): reference(1): channel(3): distance: 0.03111111111111111 m
INFO: recording(../../recordings/record_x_y_hidden_3.wav): reference(1): channel(4): distance: 2697.8855555555556 m
INFO: recording(../../recordings/record_x_y_hidden_3.wav): reference(2): channel(0): distance: 6263.024444444444 m
INFO: recording(../../recordings/record_x_y_hidden_3.wav): reference(2): channel(1): distance: 2444.1277777777777 m
INFO: recording(../../recordings/record_x_y_hidden_3.wav): reference(2): channel(2): distance: 6841.893333333333 m
INFO: recording(../../recordings/record_x_y_hidden_3.wav): reference(2): channel(3): distance: 6826.788888888888 m
INFO: recording(../../recordings/record_x_y_hidden_3.wav): reference(2): channel(4): distance: 6828.126666666666 m
INFO: recording(../../recordings/record_x_y_hidden_3.wav): reference(3): channel(0): distance: 6824.68888888889 m
INFO: recording(../../recordings/record_x_y_hidden_3.wav): reference(3): channel(1): distance: 2366.661111111111 m
INFO: recording(../../recordings/record_x_y_hidden_3.wav): reference(3): channel(2): distance: 6825.357777777777 m
INFO: recording(../../recordings/record_x_y_hidden_3.wav): reference(3): channel(3): distance: 6824.673333333333 m
INFO: recording(../../recordings/record_x_y_hidden_3.wav): reference(3): channel(4): distance: 6826.057777777778 m
INFO: recording(../../recordings/record_x_y_hidden_3.wav): reference(4): channel(0): distance: 6259.92888888889 m
INFO: recording(../../recordings/record_x_y_hidden_3.wav): reference(4): channel(1): distance: 2444.718888888889 m
INFO: recording(../../recordings/record_x_y_hidden_3.wav): reference(4): channel(2): distance: 6823.11 m
INFO: recording(../../recordings/record_x_y_hidden_3.wav): reference(4): channel(3): distance: 6857.791111111112 m
INFO: recording(../../recordings/record_x_y_hidden_3.wav): reference(4): channel(4): distance: 6823.732222222223 m
INFO: recording(../../recordings/reference.wav): reference(0): channel(0): distance: 0.0 m
INFO: recording(../../recordings/reference.wav): reference(0): channel(1): distance: 6855.372222222222 m
INFO: recording(../../recordings/reference.wav): reference(0): channel(2): distance: 6681.834444444445 m
INFO: recording(../../recordings/reference.wav): reference(0): channel(3): distance: 6855.403333333333 m
INFO: recording(../../recordings/reference.wav): reference(0): channel(4): distance: 6857.736666666667 m
INFO: recording(../../recordings/reference.wav): reference(1): channel(0): distance: 0.0 m
INFO: recording(../../recordings/reference.wav): reference(1): channel(1): distance: 0.0 m
INFO: recording(../../recordings/reference.wav): reference(1): channel(2): distance: 6859.401111111111 m
INFO: recording(../../recordings/reference.wav): reference(1): channel(3): distance: 0.5911111111111111 m
INFO: recording(../../recordings/reference.wav): reference(1): channel(4): distance: 6859.401111111111 m
INFO: recording(../../recordings/reference.wav): reference(2): channel(0): distance: 0.5911111111111111 m
INFO: recording(../../recordings/reference.wav): reference(2): channel(1): distance: 0.5911111111111111 m
INFO: recording(../../recordings/reference.wav): reference(2): channel(2): distance: 0.0 m
INFO: recording(../../recordings/reference.wav): reference(2): channel(3): distance: 1.2833333333333332 m
INFO: recording(../../recordings/reference.wav): reference(2): channel(4): distance: 0.0 m
INFO: recording(../../recordings/reference.wav): reference(3): channel(0): distance: 6859.401111111111 m
INFO: recording(../../recordings/reference.wav): reference(3): channel(1): distance: 6859.408888888889 m
INFO: recording(../../recordings/reference.wav): reference(3): channel(2): distance: 6857.938888888889 m
INFO: recording(../../recordings/reference.wav): reference(3): channel(3): distance: 0.0 m
INFO: recording(../../recordings/reference.wav): reference(3): channel(4): distance: 2.333333333333333 m
INFO: recording(../../recordings/reference.wav): reference(4): channel(0): distance: 0.5988888888888889 m
INFO: recording(../../recordings/reference.wav): reference(4): channel(1): distance: 0.5911111111111111 m
INFO: recording(../../recordings/reference.wav): reference(4): channel(2): distance: 6859.992222222222 m
INFO: recording(../../recordings/reference.wav): reference(4): channel(3): distance: 1.2755555555555556 m
INFO: recording(../../recordings/reference.wav): reference(4): channel(4): distance: 0.0 m
